  data.cpp
  Graph.cpp
D:\GitHub\DSA\DSA\DSA\HeaderFile.h(3,9): fatal  error C1083: Cannot open include file: 'SFML/Graphics.hpp': No such file or directory
  linkedlist.cpp
D:\GitHub\DSA\DSA\DSA\linkedlist.cpp(286,4): warning C4101: 'item': unreferenced local variable
D:\GitHub\DSA\DSA\DSA\linkedlist.cpp(285,1): message : while compiling class template member function 'T linkedlist<T>::itemat(int)'
          with
          [
              T=int
          ]
D:\GitHub\DSA\DSA\DSA\linkedlist.cpp(320,31): message : see reference to class template instantiation 'linkedlist<int>' being compiled
  Search.cpp
  SelectionScreen.cpp
D:\GitHub\DSA\DSA\DSA\HeaderFile.h(3,9): fatal  error C1083: Cannot open include file: 'SFML/Graphics.hpp': No such file or directory
  ShortestPath.cpp
D:\GitHub\DSA\DSA\DSA\HeaderFile.h(3,9): fatal  error C1083: Cannot open include file: 'SFML/Graphics.hpp': No such file or directory
  Sort.cpp
D:\GitHub\DSA\DSA\DSA\HeaderFile.h(3,9): fatal  error C1083: Cannot open include file: 'SFML/Graphics.hpp': No such file or directory
  Source.cpp
D:\GitHub\DSA\DSA\DSA\HeaderFile.h(3,9): fatal  error C1083: Cannot open include file: 'SFML/Graphics.hpp': No such file or directory
  Mouse.cpp
D:\GitHub\DSA\DSA\DSA\Mouse.cpp(2,9): fatal  error C1083: Cannot open include file: 'SFML/Graphics.hpp': No such file or directory
  Generating Code...
